<?xml version="1.0" encoding="UTF-8"?>
<!-- Generated by org.testng.reporters.JUnitXMLReporter -->
<testsuite hostname="LIN19002705" ignored="0" name="Login" tests="0" failures="0" timestamp="2023-02-06T01:58:06 IST" time="0.228" errors="0">
  <testcase name="@BeforeClass setUpClass" time="0.184" classname="io.cucumber.testng.AbstractTestNGCucumberTests">
    <failure type="io.cucumber.core.gherkin.FeatureParserException" message="Failed to parse resource at: file:///C:/Users/swlokhan/Desktop/Agile%20Course/Automation_Workspace/FrameworkProject/src/test/java/features/Login.feature
(1:1): expected: #EOF, #Language, #TagLine, #FeatureLine, #Comment, #Empty, got &amp;apos;feature: Login to Tutorials Ninja&amp;apos;
(3:1): expected: #EOF, #Language, #TagLine, #FeatureLine, #Comment, #Empty, got &amp;apos;Scenario: Login to Tutorials Ninja application with valid credentials&amp;apos;
(4:1): expected: #EOF, #Language, #TagLine, #FeatureLine, #Comment, #Empty, got &amp;apos;Given Open browser&amp;apos;
(5:1): expected: #EOF, #Language, #TagLine, #FeatureLine, #Comment, #Empty, got &amp;apos;And Navigate to Login Page&amp;apos;
(6:1): expected: #EOF, #Language, #TagLine, #FeatureLine, #Comment, #Empty, got &amp;apos;When User enters username as &amp;quot;swapnali123@gmail.com&amp;quot; and password as &amp;quot;test123&amp;quot;&amp;apos;
(7:1): expected: #EOF, #Language, #TagLine, #FeatureLine, #Comment, #Empty, got &amp;apos;And User clicks on Login button&amp;apos;
(8:1): expected: #EOF, #Language, #TagLine, #FeatureLine, #Comment, #Empty, got &amp;apos;Then Verify user is able to login successfully&amp;apos;">
      <![CDATA[io.cucumber.core.gherkin.FeatureParserException: Failed to parse resource at: file:///C:/Users/swlokhan/Desktop/Agile%20Course/Automation_Workspace/FrameworkProject/src/test/java/features/Login.feature
(1:1): expected: #EOF, #Language, #TagLine, #FeatureLine, #Comment, #Empty, got 'feature: Login to Tutorials Ninja'
(3:1): expected: #EOF, #Language, #TagLine, #FeatureLine, #Comment, #Empty, got 'Scenario: Login to Tutorials Ninja application with valid credentials'
(4:1): expected: #EOF, #Language, #TagLine, #FeatureLine, #Comment, #Empty, got 'Given Open browser'
(5:1): expected: #EOF, #Language, #TagLine, #FeatureLine, #Comment, #Empty, got 'And Navigate to Login Page'
(6:1): expected: #EOF, #Language, #TagLine, #FeatureLine, #Comment, #Empty, got 'When User enters username as "swapnali123@gmail.com" and password as "test123"'
(7:1): expected: #EOF, #Language, #TagLine, #FeatureLine, #Comment, #Empty, got 'And User clicks on Login button'
(8:1): expected: #EOF, #Language, #TagLine, #FeatureLine, #Comment, #Empty, got 'Then Verify user is able to login successfully'
at io.cucumber.core.gherkin.messages.GherkinMessagesFeatureParser.parse(GherkinMessagesFeatureParser.java:56)
at io.cucumber.core.feature.FeatureParser.parseResource(FeatureParser.java:46)
at java.util.function.BiFunction.lambda$andThen$0(BiFunction.java:70)
at io.cucumber.core.resource.ResourceScanner.lambda$processResource$1(ResourceScanner.java:79)
at io.cucumber.core.resource.PathScanner$ResourceFileVisitor.visitFile(PathScanner.java:75)
at io.cucumber.core.resource.PathScanner$ResourceFileVisitor.visitFile(PathScanner.java:60)
at java.nio.file.Files.walkFileTree(Files.java:2670)
at io.cucumber.core.resource.PathScanner.findResourcesForPath(PathScanner.java:53)
at io.cucumber.core.resource.PathScanner.findResourcesForUri(PathScanner.java:31)
at io.cucumber.core.resource.ResourceScanner.findResourcesForUri(ResourceScanner.java:61)
at io.cucumber.core.resource.ResourceScanner.scanForResourcesUri(ResourceScanner.java:134)
at io.cucumber.core.runtime.FeaturePathFeatureSupplier.loadFeatures(FeaturePathFeatureSupplier.java:62)
at io.cucumber.core.runtime.FeaturePathFeatureSupplier.get(FeaturePathFeatureSupplier.java:45)
at io.cucumber.testng.TestNGCucumberRunner.<init>(TestNGCucumberRunner.java:122)
at io.cucumber.testng.AbstractTestNGCucumberTests.setUpClass(AbstractTestNGCucumberTests.java:27)
at java.util.ArrayList.forEach(ArrayList.java:1257)
... Removed 25 stack frames]]>
    </failure>
  </testcase> <!-- @BeforeClass setUpClass -->
</testsuite> <!-- Login -->
